Using pre-set license
Built from '2020.3/release' branch; Version is '2020.3.12f1 (b3b2c6512326) revision 11776710'; Using compiler version '192528614'; Build Type 'Release'
OS: 'Windows 10 Home; OS build 19042.1165; Version 2009; 64bit' Language: 'en' Physical Memory: 16129 MB
BatchMode: 1, IsHumanControllingUs: 0, StartBugReporterOnCrash: 0, Is64bit: 1, IsPro: 0

 COMMAND LINE ARGUMENTS:
C:\Users\DoVuongQuocThinh\Dropbox\File học tập\APCS lesson\CS427- Game Development and 3D Visualization\Project game\2020.3.12f1\Editor\Unity.exe
-adb2
-batchMode
-noUpm
-name
AssetImportWorker0
-projectPath
D:/Final/final
-logFile
Logs/AssetImportWorker0.log
-srvPort
49709
Successfully changed project path to: D:/Final/final
D:/Final/final
Using Asset Import Pipeline V2.
Refreshing native plugins compatible for Editor in 40.30 ms, found 2 plugins.
Preloading 0 native plugins for Editor in 0.00 ms.
Initialize engine version: 2020.3.12f1 (b3b2c6512326)
[Subsystems] Discovering subsystems at path C:/Users/DoVuongQuocThinh/Dropbox/File học tập/APCS lesson/CS427- Game Development and 3D Visualization/Project game/2020.3.12f1/Editor/Data/Resources/UnitySubsystems
[Subsystems] Discovering subsystems at path D:/Final/final/Assets
GfxDevice: creating device client; threaded=0
Direct3D:
    Version:  Direct3D 11.0 [level 11.1]
    Renderer: NVIDIA GeForce GTX 1650 Ti (ID=0x1f95)
    Vendor:   
    VRAM:     3964 MB
    Driver:   30.0.14.7168
Initialize mono
Mono path[0] = 'C:/Users/DoVuongQuocThinh/Dropbox/File học tập/APCS lesson/CS427- Game Development and 3D Visualization/Project game/2020.3.12f1/Editor/Data/Managed'
Mono path[1] = 'C:/Users/DoVuongQuocThinh/Dropbox/File học tập/APCS lesson/CS427- Game Development and 3D Visualization/Project game/2020.3.12f1/Editor/Data/MonoBleedingEdge/lib/mono/unityjit'
Mono config path = 'C:/Users/DoVuongQuocThinh/Dropbox/File học tập/APCS lesson/CS427- Game Development and 3D Visualization/Project game/2020.3.12f1/Editor/Data/MonoBleedingEdge/etc'
Using monoOptions --debugger-agent=transport=dt_socket,embedding=1,server=y,suspend=n,address=127.0.0.1:56048
Begin MonoManager ReloadAssembly
Registering precompiled unity dll's ...
Register platform support module: C:/Users/DoVuongQuocThinh/Dropbox/File học tập/APCS lesson/CS427- Game Development and 3D Visualization/Project game/2020.3.12f1/Editor/Data/PlaybackEngines/WindowsStandaloneSupport/UnityEditor.WindowsStandalone.Extensions.dll
Registered in 0.002693 seconds.
Native extension for WindowsStandalone target not found
Refreshing native plugins compatible for Editor in 40.86 ms, found 2 plugins.
Preloading 0 native plugins for Editor in 0.00 ms.
Mono: successfully reloaded assembly
- Completed reload, in  1.314 seconds
Platform modules already initialized, skipping
Registering precompiled user dll's ...
Registered in 0.003090 seconds.
Begin MonoManager ReloadAssembly
Native extension for WindowsStandalone target not found
Refreshing native plugins compatible for Editor in 0.39 ms, found 2 plugins.
Preloading 0 native plugins for Editor in 0.00 ms.
Mono: successfully reloaded assembly
- Completed reload, in  1.334 seconds
Platform modules already initialized, skipping
========================================================================
Worker process is ready to serve import requests
Launched and connected shader compiler UnityShaderCompiler.exe after 0.05 seconds
Refreshing native plugins compatible for Editor in 0.39 ms, found 2 plugins.
Preloading 0 native plugins for Editor in 0.00 ms.
Unloading 1430 Unused Serialized files (Serialized files now loaded: 0)
System memory in use before: 68.5 MB.
System memory in use after: 68.6 MB.

Unloading 19 unused Assets to reduce memory usage. Loaded Objects now: 1866.
Total: 2.249400 ms (FindLiveObjects: 0.201400 ms CreateObjectMapping: 0.066100 ms MarkObjects: 1.885300 ms  DeleteObjects: 0.095300 ms)

AssetImportParameters requested are different than current active one (requested -> active):
  custom:framework-win-MediaFoundation: 216162199b28c13a410421893ffa2e32 -> 
  custom:video-decoder-ogg-theora: a1e56fd34408186e4bbccfd4996cb3dc -> 
  custom:container-muxer-webm: aa71ff27fc2769a1b78a27578f13a17b -> 
  custom:container-demuxer-webm: 4f35f7cbe854078d1ac9338744f61a02 -> 
  custom:container-demuxer-ogg: 62fdf1f143b41e24485cea50d1cbac27 -> 
  custom:video-encoder-webm-vp8: eb34c28f22e8b96e1ab97ce403110664 -> 
  custom:video-codec-MediaFoundation-h265: 746d11721c4dcdbdad8f713fa42b33f4 -> 
  custom:video-decoder-webm-vp8: 9c59270c3fd7afecdb556c50c9e8de78 -> 
  custom:audio-decoder-ogg-vorbis: bf7c407c2cedff20999df2af8eb42d56 -> 
  custom:audio-encoder-webm-vorbis: bf7c407c2cedff20999df2af8eb42d56 -> 
========================================================================
Received Import Request.
  path: Assets/Scenes/Main Menu.unity
  artifactKey: Guid(1e628f6c1bb7112449b8300145ffdf7c) Importer(815301076,1909f56bfc062723c751e8b465ee728b)
Start importing Assets/Scenes/Main Menu.unity using Guid(1e628f6c1bb7112449b8300145ffdf7c) Importer(815301076,1909f56bfc062723c751e8b465ee728b)  -> (artifact id: 'd610b63d57b42eddfc99179770555a15') in 0.019262 seconds 
  Import took 0.022059 seconds .

========================================================================
Received Import Request.
  Time since last request: 16071.531355 seconds.
  path: Assets/Scenes/MainMenu.unity
  artifactKey: Guid(e066d57074f463747b76165f64073c43) Importer(815301076,1909f56bfc062723c751e8b465ee728b)
Start importing Assets/Scenes/MainMenu.unity using Guid(e066d57074f463747b76165f64073c43) Importer(815301076,1909f56bfc062723c751e8b465ee728b)  -> (artifact id: '4ef15b584a83f459b5e761f25f1b5b45') in 0.009660 seconds 
  Import took 0.015478 seconds .

========================================================================
Received Import Request.
  Time since last request: 198.335555 seconds.
  path: Assets/Scenes/MainMenu.unity
  artifactKey: Guid(e066d57074f463747b76165f64073c43) Importer(815301076,1909f56bfc062723c751e8b465ee728b)
Start importing Assets/Scenes/MainMenu.unity using Guid(e066d57074f463747b76165f64073c43) Importer(815301076,1909f56bfc062723c751e8b465ee728b)  -> (artifact id: '31843db351b7a2b65dc34dd6fcd7497b') in 0.002188 seconds 
  Import took 0.005175 seconds .

========================================================================
Received Prepare
Registering precompiled user dll's ...
Registered in 0.128517 seconds.
Begin MonoManager ReloadAssembly
Native extension for WindowsStandalone target not found
Refreshing native plugins compatible for Editor in 0.41 ms, found 2 plugins.
Preloading 0 native plugins for Editor in 0.00 ms.
Mono: successfully reloaded assembly
- Completed reload, in  1.485 seconds
Platform modules already initialized, skipping
Refreshing native plugins compatible for Editor in 0.41 ms, found 2 plugins.
Preloading 0 native plugins for Editor in 0.00 ms.
Unloading 1412 Unused Serialized files (Serialized files now loaded: 0)
System memory in use before: 67.2 MB.
System memory in use after: 67.3 MB.

Unloading 14 unused Assets to reduce memory usage. Loaded Objects now: 1869.
Total: 2.793800 ms (FindLiveObjects: 0.209400 ms CreateObjectMapping: 0.069600 ms MarkObjects: 2.428800 ms  DeleteObjects: 0.084900 ms)

AssetImportParameters requested are different than current active one (requested -> active):
  custom:framework-win-MediaFoundation: 216162199b28c13a410421893ffa2e32 -> 
  custom:video-decoder-ogg-theora: a1e56fd34408186e4bbccfd4996cb3dc -> 
  custom:container-muxer-webm: aa71ff27fc2769a1b78a27578f13a17b -> 
  custom:container-demuxer-webm: 4f35f7cbe854078d1ac9338744f61a02 -> 
  custom:container-demuxer-ogg: 62fdf1f143b41e24485cea50d1cbac27 -> 
  custom:video-encoder-webm-vp8: eb34c28f22e8b96e1ab97ce403110664 -> 
  custom:video-codec-MediaFoundation-h265: 746d11721c4dcdbdad8f713fa42b33f4 -> 
  custom:video-decoder-webm-vp8: 9c59270c3fd7afecdb556c50c9e8de78 -> 
  custom:audio-decoder-ogg-vorbis: bf7c407c2cedff20999df2af8eb42d56 -> 
  custom:audio-encoder-webm-vorbis: bf7c407c2cedff20999df2af8eb42d56 -> 
========================================================================
Received Import Request.
  Time since last request: 10161.942676 seconds.
  path: Assets/Background
  artifactKey: Guid(121cde4f8a5b7bb468aa2f1234803827) Importer(815301076,1909f56bfc062723c751e8b465ee728b)
Start importing Assets/Background using Guid(121cde4f8a5b7bb468aa2f1234803827) Importer(815301076,1909f56bfc062723c751e8b465ee728b)  -> (artifact id: '933d4717dc1c7d2f3de3f383af3e9b56') in 0.097119 seconds 
  Import took 0.130338 seconds .

========================================================================
Received Import Request.
  Time since last request: 8.444193 seconds.
  path: Assets/Background/stock-vector-ninja-assassin-mascot-for-sport-and-esport-or-gamer-logo-1533399641.jpg
  artifactKey: Guid(9a02fc01d0823e4458edb535e2550360) Importer(815301076,1909f56bfc062723c751e8b465ee728b)
Start importing Assets/Background/stock-vector-ninja-assassin-mascot-for-sport-and-esport-or-gamer-logo-1533399641.jpg using Guid(9a02fc01d0823e4458edb535e2550360) Importer(815301076,1909f56bfc062723c751e8b465ee728b)  -> (artifact id: '01df13204ec97b50285928d9047b26c9') in 0.243506 seconds 
  Import took 0.246573 seconds .

========================================================================
Received Prepare
Registering precompiled user dll's ...
Registered in 0.003025 seconds.
Begin MonoManager ReloadAssembly
Native extension for WindowsStandalone target not found
Refreshing native plugins compatible for Editor in 0.42 ms, found 2 plugins.
Preloading 0 native plugins for Editor in 0.00 ms.
Mono: successfully reloaded assembly
- Completed reload, in  1.314 seconds
Platform modules already initialized, skipping
Refreshing native plugins compatible for Editor in 0.39 ms, found 2 plugins.
Preloading 0 native plugins for Editor in 0.00 ms.
Unloading 1413 Unused Serialized files (Serialized files now loaded: 0)
System memory in use before: 67.3 MB.
System memory in use after: 67.4 MB.

Unloading 14 unused Assets to reduce memory usage. Loaded Objects now: 1875.
Total: 2.534200 ms (FindLiveObjects: 0.169600 ms CreateObjectMapping: 0.062000 ms MarkObjects: 2.231700 ms  DeleteObjects: 0.069600 ms)

AssetImportParameters requested are different than current active one (requested -> active):
  custom:framework-win-MediaFoundation: 216162199b28c13a410421893ffa2e32 -> 
  custom:video-decoder-ogg-theora: a1e56fd34408186e4bbccfd4996cb3dc -> 
  custom:container-muxer-webm: aa71ff27fc2769a1b78a27578f13a17b -> 
  custom:container-demuxer-webm: 4f35f7cbe854078d1ac9338744f61a02 -> 
  custom:container-demuxer-ogg: 62fdf1f143b41e24485cea50d1cbac27 -> 
  custom:video-encoder-webm-vp8: eb34c28f22e8b96e1ab97ce403110664 -> 
  custom:video-codec-MediaFoundation-h265: 746d11721c4dcdbdad8f713fa42b33f4 -> 
  custom:video-decoder-webm-vp8: 9c59270c3fd7afecdb556c50c9e8de78 -> 
  custom:audio-decoder-ogg-vorbis: bf7c407c2cedff20999df2af8eb42d56 -> 
  custom:audio-encoder-webm-vorbis: bf7c407c2cedff20999df2af8eb42d56 -> 
========================================================================
Received Prepare
Registering precompiled user dll's ...
Registered in 0.002868 seconds.
Begin MonoManager ReloadAssembly
Native extension for WindowsStandalone target not found
Refreshing native plugins compatible for Editor in 0.40 ms, found 2 plugins.
Preloading 0 native plugins for Editor in 0.00 ms.
Mono: successfully reloaded assembly
- Completed reload, in  1.239 seconds
Platform modules already initialized, skipping
Refreshing native plugins compatible for Editor in 0.40 ms, found 2 plugins.
Preloading 0 native plugins for Editor in 0.00 ms.
Unloading 1413 Unused Serialized files (Serialized files now loaded: 0)
System memory in use before: 67.3 MB.
System memory in use after: 67.4 MB.

Unloading 14 unused Assets to reduce memory usage. Loaded Objects now: 1878.
Total: 2.143700 ms (FindLiveObjects: 0.158900 ms CreateObjectMapping: 0.058700 ms MarkObjects: 1.866900 ms  DeleteObjects: 0.058000 ms)

AssetImportParameters requested are different than current active one (requested -> active):
  custom:framework-win-MediaFoundation: 216162199b28c13a410421893ffa2e32 -> 
  custom:video-decoder-ogg-theora: a1e56fd34408186e4bbccfd4996cb3dc -> 
  custom:container-muxer-webm: aa71ff27fc2769a1b78a27578f13a17b -> 
  custom:container-demuxer-webm: 4f35f7cbe854078d1ac9338744f61a02 -> 
  custom:container-demuxer-ogg: 62fdf1f143b41e24485cea50d1cbac27 -> 
  custom:video-encoder-webm-vp8: eb34c28f22e8b96e1ab97ce403110664 -> 
  custom:video-codec-MediaFoundation-h265: 746d11721c4dcdbdad8f713fa42b33f4 -> 
  custom:video-decoder-webm-vp8: 9c59270c3fd7afecdb556c50c9e8de78 -> 
  custom:audio-decoder-ogg-vorbis: bf7c407c2cedff20999df2af8eb42d56 -> 
  custom:audio-encoder-webm-vorbis: bf7c407c2cedff20999df2af8eb42d56 -> 
========================================================================
Received Import Request.
  Time since last request: 1634.934774 seconds.
  path: Assets/ObstacleCoursePack
  artifactKey: Guid(dd9432397b7e2f346aad3a6fa1cd09b7) Importer(815301076,1909f56bfc062723c751e8b465ee728b)
Start importing Assets/ObstacleCoursePack using Guid(dd9432397b7e2f346aad3a6fa1cd09b7) Importer(815301076,1909f56bfc062723c751e8b465ee728b)  -> (artifact id: '155115202fc9c261b21f4438880412bd') in 0.013943 seconds 
  Import took 0.017268 seconds .

========================================================================
Received Import Request.
  Time since last request: 4.950371 seconds.
  path: Assets/ObstacleCoursePack/Scripts
  artifactKey: Guid(3650c34a22c5f4e4c84c2a2c63ca2dac) Importer(815301076,1909f56bfc062723c751e8b465ee728b)
Start importing Assets/ObstacleCoursePack/Scripts using Guid(3650c34a22c5f4e4c84c2a2c63ca2dac) Importer(815301076,1909f56bfc062723c751e8b465ee728b)  -> (artifact id: '96b412b9f169b9760588bd7b1b3a6a6f') in 0.007637 seconds 
  Import took 0.010566 seconds .

========================================================================
Received Import Request.
  Time since last request: 5.570561 seconds.
  path: Assets/ObstacleCoursePack/Scripts/MainMenu.cs
  artifactKey: Guid(0b4b9869b7193984ba0e5070b6c03c4a) Importer(815301076,1909f56bfc062723c751e8b465ee728b)
Start importing Assets/ObstacleCoursePack/Scripts/MainMenu.cs using Guid(0b4b9869b7193984ba0e5070b6c03c4a) Importer(815301076,1909f56bfc062723c751e8b465ee728b)  -> (artifact id: 'ccafa55831fc30f8e6d4cdc8c174664f') in 0.017570 seconds 
  Import took 0.020445 seconds .

========================================================================
Received Prepare
Registering precompiled user dll's ...
Registered in 0.003946 seconds.
Begin MonoManager ReloadAssembly
Native extension for WindowsStandalone target not found
Refreshing native plugins compatible for Editor in 0.40 ms, found 2 plugins.
Preloading 0 native plugins for Editor in 0.00 ms.
Mono: successfully reloaded assembly
- Completed reload, in  1.232 seconds
Platform modules already initialized, skipping
Refreshing native plugins compatible for Editor in 0.40 ms, found 2 plugins.
Preloading 0 native plugins for Editor in 0.00 ms.
Unloading 1413 Unused Serialized files (Serialized files now loaded: 0)
System memory in use before: 67.3 MB.
System memory in use after: 67.4 MB.

Unloading 14 unused Assets to reduce memory usage. Loaded Objects now: 1881.
Total: 2.172800 ms (FindLiveObjects: 0.159800 ms CreateObjectMapping: 0.055500 ms MarkObjects: 1.895800 ms  DeleteObjects: 0.060500 ms)

AssetImportParameters requested are different than current active one (requested -> active):
  custom:framework-win-MediaFoundation: 216162199b28c13a410421893ffa2e32 -> 
  custom:video-decoder-ogg-theora: a1e56fd34408186e4bbccfd4996cb3dc -> 
  custom:container-muxer-webm: aa71ff27fc2769a1b78a27578f13a17b -> 
  custom:container-demuxer-webm: 4f35f7cbe854078d1ac9338744f61a02 -> 
  custom:container-demuxer-ogg: 62fdf1f143b41e24485cea50d1cbac27 -> 
  custom:video-encoder-webm-vp8: eb34c28f22e8b96e1ab97ce403110664 -> 
  custom:video-codec-MediaFoundation-h265: 746d11721c4dcdbdad8f713fa42b33f4 -> 
  custom:video-decoder-webm-vp8: 9c59270c3fd7afecdb556c50c9e8de78 -> 
  custom:audio-decoder-ogg-vorbis: bf7c407c2cedff20999df2af8eb42d56 -> 
  custom:audio-encoder-webm-vorbis: bf7c407c2cedff20999df2af8eb42d56 -> 
========================================================================
Received Import Request.
  Time since last request: 96.830068 seconds.
  path: Assets/ObstacleCoursePack/Scripts/MainMenu.cs
  artifactKey: Guid(0b4b9869b7193984ba0e5070b6c03c4a) Importer(815301076,1909f56bfc062723c751e8b465ee728b)
Start importing Assets/ObstacleCoursePack/Scripts/MainMenu.cs using Guid(0b4b9869b7193984ba0e5070b6c03c4a) Importer(815301076,1909f56bfc062723c751e8b465ee728b)  -> (artifact id: '4983a98c5ad047b4689a825fb89dd797') in 0.004593 seconds 
  Import took 0.009640 seconds .

========================================================================
Received Import Request.
  Time since last request: 228.468197 seconds.
  path: Assets/Background/Materials
  artifactKey: Guid(58ca5ccbdc20aad419dca1e3bab840d0) Importer(815301076,1909f56bfc062723c751e8b465ee728b)
Start importing Assets/Background/Materials using Guid(58ca5ccbdc20aad419dca1e3bab840d0) Importer(815301076,1909f56bfc062723c751e8b465ee728b)  -> (artifact id: '6118c0a8f581ef8374de08ca57d67fc1') in 0.007976 seconds 
  Import took 0.010911 seconds .

========================================================================
Received Import Request.
  Time since last request: 0.084577 seconds.
  path: Assets/Background/Materials/stock-vector-ninja-assassin-mascot-for-sport-and-esport-or-gamer-logo-1533399641.mat
  artifactKey: Guid(166d841de41499543bdf0020b39b52bf) Importer(815301076,1909f56bfc062723c751e8b465ee728b)
Start importing Assets/Background/Materials/stock-vector-ninja-assassin-mascot-for-sport-and-esport-or-gamer-logo-1533399641.mat using Guid(166d841de41499543bdf0020b39b52bf) Importer(815301076,1909f56bfc062723c751e8b465ee728b)  -> (artifact id: '185ff2c99fb26f99d8d6a5dc6646f28a') in 0.156142 seconds 
  Import took 0.159207 seconds .

AssetImportWorkerClient::OnTransportError - code=2 error=End of file
